0 info it worked if it ends with ok
1 verbose cli [ '/home/user/.nvm/versions/node/v5.10.0/bin/node',
1 verbose cli   '/home/user/.nvm/versions/node/v5.10.0/bin/npm',
1 verbose cli   'run',
1 verbose cli   'server' ]
2 info using npm@3.8.3
3 info using node@v5.10.0
4 verbose run-script [ 'preserver', 'server', 'postserver' ]
5 info lifecycle ng-dash@1.0.0~preserver: ng-dash@1.0.0
6 silly lifecycle ng-dash@1.0.0~preserver: no script for preserver, continuing
7 info lifecycle ng-dash@1.0.0~server: ng-dash@1.0.0
8 verbose lifecycle ng-dash@1.0.0~server: unsafe-perm in lifecycle true
9 verbose lifecycle ng-dash@1.0.0~server: PATH: /home/user/.nvm/versions/node/v5.10.0/lib/node_modules/npm/bin/node-gyp-bin:/home/user/WebstormProjects/ng-dash/node_modules/.bin:/home/user/.nvm/versions/node/v5.10.0/bin:/home/user/WebstormProjects/ng-dash/node_modules/.bin:/home/user/.config/yarn/link/node_modules/.bin:/home/user/WebstormProjects/ng-dash/node_modules/.bin:/home/user/.config/yarn/link/node_modules/.bin:/home/user/.nvm/versions/node/v5.10.0/lib/node_modules/yarn/bin/node-gyp-bin:/home/user/.nvm/versions/node/v5.10.0/bin:/usr/local/sbin:/usr/local/bin:/usr/sbin:/usr/bin:/sbin:/bin:/usr/games:/usr/local/games:/home/user/.rvm/bin
10 verbose lifecycle ng-dash@1.0.0~server: CWD: /home/user/WebstormProjects/ng-dash
11 silly lifecycle ng-dash@1.0.0~server: Args: [ '-c',
11 silly lifecycle   'webpack-dev-server --inline --progress --port 3000 --content-base src' ]
12 silly lifecycle ng-dash@1.0.0~server: Returned: code: 1  signal: null
13 info lifecycle ng-dash@1.0.0~server: Failed to exec server script
14 verbose stack Error: ng-dash@1.0.0 server: `webpack-dev-server --inline --progress --port 3000 --content-base src`
14 verbose stack Exit status 1
14 verbose stack     at EventEmitter.<anonymous> (/home/user/.nvm/versions/node/v5.10.0/lib/node_modules/npm/lib/utils/lifecycle.js:239:16)
14 verbose stack     at emitTwo (events.js:100:13)
14 verbose stack     at EventEmitter.emit (events.js:185:7)
14 verbose stack     at ChildProcess.<anonymous> (/home/user/.nvm/versions/node/v5.10.0/lib/node_modules/npm/lib/utils/spawn.js:24:14)
14 verbose stack     at emitTwo (events.js:100:13)
14 verbose stack     at ChildProcess.emit (events.js:185:7)
14 verbose stack     at maybeClose (internal/child_process.js:850:16)
14 verbose stack     at Process.ChildProcess._handle.onexit (internal/child_process.js:215:5)
15 verbose pkgid ng-dash@1.0.0
16 verbose cwd /home/user/WebstormProjects/ng-dash
17 error Linux 4.2.0-42-generic
18 error argv "/home/user/.nvm/versions/node/v5.10.0/bin/node" "/home/user/.nvm/versions/node/v5.10.0/bin/npm" "run" "server"
19 error node v5.10.0
20 error npm  v3.8.3
21 error code ELIFECYCLE
22 error ng-dash@1.0.0 server: `webpack-dev-server --inline --progress --port 3000 --content-base src`
22 error Exit status 1
23 error Failed at the ng-dash@1.0.0 server script 'webpack-dev-server --inline --progress --port 3000 --content-base src'.
23 error Make sure you have the latest version of node.js and npm installed.
23 error If you do, this is most likely a problem with the ng-dash package,
23 error not with npm itself.
23 error Tell the author that this fails on your system:
23 error     webpack-dev-server --inline --progress --port 3000 --content-base src
23 error You can get information on how to open an issue for this project with:
23 error     npm bugs ng-dash
23 error Or if that isn't available, you can get their info via:
23 error     npm owner ls ng-dash
23 error There is likely additional logging output above.
24 verbose exit [ 1, true ]
